
ROM used:   86/2048 (4%)
            86/2048 (4%) including unused fragments

            0.2 Average locations per line
            3.7 Average locations per statement

RAM used:   6/224 (3%) at main() level
            6/224 (3%) worst case

Stack used: 0 worst case (0 in main + 0 for interrupts)
Stack size: 8

Lines Stmts  %   Files
----- ----- ---  -----
   39    23 100  Questão_3.c
  508     0   0  ..\..\..\..\..\..\..\Program Files (x86)\PICC\Devices\16f628a.h
----- -----
  547    23 Total

Page ROM  %  RAM   Vol Diff  Functions:
---- --- --- ---   --- ----  ----------
0     82  95    1   503  2.9  main
 Inline         0             @cinit1

Program metrics:
    Functions               1
    Statements              23
    Comments                97
    Volume (V)              505
    Difficulty (D)          2.8
    Effort to implement (E) 1410
    Time to implement (T)   1 minutes
    Est Delivered Bugs (B)  0
    Cyclomatic Complexity   3
    Maintainability (MI)    109

 Segment     Used  Free
-----------  ----  ----
00000-00003     4  0  
00004-007FF    82  1962  



