
ROM used:   709/8192 (9%)
            709/8192 (9%) including unused fragments

            0.5 Average locations per line
            4.0 Average locations per statement

RAM used:   25/368 (7%) at main() level
            37/368 (10%) worst case

Stack used: 0 worst case (0 in main + 0 for interrupts)
Stack size: 8

Lines Stmts  %   Files
----- ----- ---  -----
   84    53  30  Questão_6.c
   10     0   0  ..\..\..\..\..\Downloads\Questao_4\Questao_4.h
  661     0   0  ..\..\..\..\..\..\..\Program Files (x86)\PICC\Devices\16F877A.h
  135    40  23  ..\..\..\..\..\..\..\Program Files (x86)\PICC\Drivers\KBD.C
  456    84  47  ..\..\..\..\..\..\..\Program Files (x86)\PICC\Drivers\lcd.c
----- -----
 1346   177 Total

Page ROM  %  RAM   Vol Diff  Functions:
---- --- --- ---   --- ----  ----------
0     20   3    1             @delay_ms1
0     16   2    0             @const620
0      3   0    0     3  0.0  kbd_init
0    136  19    3  4547 10.1  kbd_getc
 Inline         2             @MUL88
0      8   1    0             @const645
 Inline         3   596  5.9  lcd_read_byte
0      6   1    0    59  4.2  lcd_read_nibble
0     17   2    1   179  3.3  lcd_send_nibble
0     66   9    3   460  4.7  lcd_send_byte
0     51   7    2   667  5.9  lcd_init
0     18   3    4   208  6.3  lcd_gotoxy
0     44   6    1   354  4.7  lcd_putc
0    211  30    2  1474  6.3  MAIN
0      8   1    0             @const683
0     75  11    4             @PSTRINGC7_663
0      9   1    0             @const686
0      8   1    0             @const688
0      9   1    0             @const690
 Inline         0             @cinit1

Program metrics:
    Functions               10
    Statements              177
    Comments                243
    Volume (V)              11708
    Difficulty (D)          49.4
    Effort to implement (E) 578568
    Time to implement (T)   8 hours, 56 minutes
    Est Delivered Bugs (B)  2
    Cyclomatic Complexity   25
    Maintainability (MI)    136

 Segment     Used  Free
-----------  ----  ----
00000-00003     4  0  
00004-007FF   705  1339  
00800-00FFF     0  2048  
01000-017FF     0  2048  
01800-01FFF     0  2048  



