CCS PCM C Compiler, Version 5.007, 61971               03-abr-24 10:08

               Filename:   C:\Users\Ivina\Desktop\Microcontroladores e DSPS\questão1_AP2\quest1_ap2.lst

               ROM used:   71 words (3%)
                           Largest free fragment is 1977
               RAM used:   7 (3%) at main() level
                           9 (4%) worst case
               Stack used: 0 locations
               Stack size: 8

*
0000:  MOVLW  00
0001:  MOVWF  0A
0002:  GOTO   011
0003:  NOP
.................... #include <16f628a.h> 
.................... //////// Standard Header file for the PIC16F628A device //////////////// 
.................... #device PIC16F628A 
....................  
.................... #list 
....................  
.................... #use delay(clock=400000) 
0004:  MOVLW  24
0005:  MOVWF  04
0006:  BCF    03.7
0007:  MOVF   00,W
0008:  BTFSC  03.2
0009:  GOTO   010
000A:  MOVLW  20
000B:  MOVWF  77
000C:  DECFSZ 77,F
000D:  GOTO   00C
000E:  DECFSZ 00,F
000F:  GOTO   00A
0010:  RETURN
.................... #fuses INTRC_IO,NOWDT,PUT,BROWNOUT,NOLVP,NOMCLR 
....................  
....................  
.................... void main(){ 
0011:  MOVLW  07
0012:  MOVWF  1F
0013:  BCF    03.7
0014:  MOVLW  1F
0015:  ANDWF  03,F
0016:  CLRF   21
....................   // Inicialização 
.................... int contador = 0; 
....................    while(1) { 
....................       if (input(pin_a0) == 1) { 
0017:  BSF    03.5
0018:  BSF    05.0
0019:  BCF    03.5
001A:  BTFSS  05.0
001B:  GOTO   045
....................             // Aguarda o botão ser solto 
....................             if (input(pin_a0) == 0); 
001C:  BSF    03.5
001D:  BSF    05.0
001E:  BCF    03.5
001F:  BTFSC  05.0
....................             // Incrementa a contagem 
....................             contador++; 
0020:  INCF   21,F
....................             delay_ms(5000); 
0021:  MOVLW  14
0022:  MOVWF  23
0023:  MOVLW  FA
0024:  MOVWF  24
0025:  CALL   004
0026:  DECFSZ 23,F
0027:  GOTO   023
....................             // Pisca o LED de acordo com a contagem 
....................             for (unsigned char i = 0; i < contador; i++) { 
0028:  CLRF   22
0029:  MOVF   21,W
002A:  SUBWF  22,W
002B:  BTFSC  03.0
002C:  GOTO   045
....................                 output_high(pin_b2); 
002D:  BSF    03.5
002E:  BCF    06.2
002F:  BCF    03.5
0030:  BSF    06.2
....................                 delay_ms(1000); 
0031:  MOVLW  04
0032:  MOVWF  23
0033:  MOVLW  FA
0034:  MOVWF  24
0035:  CALL   004
0036:  DECFSZ 23,F
0037:  GOTO   033
....................                 output_low(pin_b2); 
0038:  BSF    03.5
0039:  BCF    06.2
003A:  BCF    03.5
003B:  BCF    06.2
....................                 delay_ms(1000); 
003C:  MOVLW  04
003D:  MOVWF  23
003E:  MOVLW  FA
003F:  MOVWF  24
0040:  CALL   004
0041:  DECFSZ 23,F
0042:  GOTO   03E
0043:  INCF   22,F
0044:  GOTO   029
....................             } 
....................         } 
0045:  GOTO   017
....................     } 
.................... } 
....................  
0046:  SLEEP

Configuration Fuses:
   Word  1: 3F50   NOWDT PUT INTRC_IO NOMCLR BROWNOUT NOLVP NOCPD NOPROTECT
