
ROM used:   73/2048 (4%)
            73/2048 (4%) including unused fragments

            0.1 Average locations per line
            9.1 Average locations per statement

RAM used:   17/224 (8%) at main() level
            17/224 (8%) worst case

Stack used: 1 worst case (1 in main + 0 for interrupts)
Stack size: 8

Lines Stmts  %   Files
----- ----- ---  -----
   30     8 100  Q1.c
  518     0   0  ..\..\..\..\..\..\..\Program Files (x86)\PICC\Devices\16F628A.h
----- -----
  548     8 Total

Page ROM  %  RAM   Vol Diff  Functions:
---- --- --- ---   --- ----  ----------
0     21  29    1             @delay_ms1
0     48  66    2   158  3.9  main
 Inline         0             @cinit1

Program metrics:
    Functions               1
    Statements              8
    Comments                103
    Volume (V)              162
    Difficulty (D)          3.5
    Effort to implement (E) 566
    Time to implement (T)   1 minutes
    Est Delivered Bugs (B)  0
    Cyclomatic Complexity   1
    Maintainability (MI)    110

 Segment     Used  Free
-----------  ----  ----
00000-00003     4  0  
00004-007FF    69  1975  



