
ROM used:   646/8192 (8%)
            646/8192 (8%) including unused fragments

            0.5 Average locations per line
            4.8 Average locations per statement

RAM used:   11/368 (3%) at main() level
            24/368 (7%) worst case

Stack used: 5 worst case (5 in main + 0 for interrupts)
Stack size: 8

Lines Stmts  %   Files
----- ----- ---  -----
   32    12   9  Questao_4.c
   10     0   0  Questao_4.h
  671     0   0  ..\..\..\..\..\..\Program Files (x86)\PICC\Devices\16F877A.h
  135    40  29  ..\..\..\..\..\..\Program Files (x86)\PICC\Drivers\KBD.C
  456    84  62  ..\..\..\..\..\..\Program Files (x86)\PICC\Drivers\lcd.c
----- -----
 1304   136 Total

Page ROM  %  RAM   Vol Diff  Functions:
---- --- --- ---   --- ----  ----------
0     20   3    1             @delay_ms1
0     16   2    0             @const622
0      3   0    0     3  0.0  kbd_init
0    138  21    3  4547 10.1  kbd_getc
 Inline         2             @MUL88
 Inline         3   596  5.9  lcd_read_byte
0      6   1    0    59  4.2  lcd_read_nibble
0     17   3    1   179  3.3  lcd_send_nibble
0     66  10    3   460  4.7  lcd_send_byte
0     62  10    6   814  7.2  lcd_init
0     18   3    4   208  6.3  lcd_gotoxy
0     44   7    1   354  4.7  lcd_putc
0     59   9    1   243  3.5  MAIN
0     10   2    0             @const679
0     88  14    4             @PSTRINGC7_663
0      6   1    0             @const681
0     89  14    5             @PSTRINGCN7_663
 Inline         0             @cinit1

Program metrics:
    Functions               10
    Statements              136
    Comments                249
    Volume (V)              10137
    Difficulty (D)          48.4
    Effort to implement (E) 490926
    Time to implement (T)   7 hours, 35 minutes
    Est Delivered Bugs (B)  2
    Cyclomatic Complexity   21
    Maintainability (MI)    142

 Segment     Used  Free
-----------  ----  ----
00000-00003     4  0  
00004-007FF   642  1402  
00800-00FFF     0  2048  
01000-017FF     0  2048  
01800-01FFF     0  2048  



