
ROM used:   140/8192 (2%)
            140/8192 (2%) including unused fragments

            0.2 Average locations per line
            10.8 Average locations per statement

RAM used:   20/368 (5%) at main() level
            22/368 (6%) worst case

Stack used: 0 worst case (0 in main + 0 for interrupts)
Stack size: 8

Lines Stmts  %   Files
----- ----- ---  -----
   40    13 100  ques_2.c
  661     0   0  ..\..\..\..\..\Program Files (x86)\PICC\Devices\16F877A.h
----- -----
  701    13 Total

Page ROM  %  RAM   Vol Diff  Functions:
---- --- --- ---   --- ----  ----------
0     23  16    1             @delay_ms1
0     92  66    4   417  6.8  main
0     21  15    3             @DIV88
 Inline         0             @cinit1

Program metrics:
    Functions               1
    Statements              13
    Comments                116
    Volume (V)              423
    Difficulty (D)          6.2
    Effort to implement (E) 2634
    Time to implement (T)   2 minutes
    Est Delivered Bugs (B)  0
    Cyclomatic Complexity   3
    Maintainability (MI)    56

 Segment     Used  Free
-----------  ----  ----
00000-00003     4  0  
00004-007FF   136  1908  
00800-00FFF     0  2048  
01000-017FF     0  2048  
01800-01FFF     0  2048  



